<?xml version="1.0" encoding="UTF-8"?>
<!-- Generated by org.testng.reporters.JUnitReportReporter -->
<testsuite hostname="hems" failures="0" tests="7" name="com.udemy.qa.testcases.SearchResultsPageTest" time="7.512" errors="0" timestamp="2020-06-17T02:54:23 IST" skipped="0">
  <testcase classname="com.udemy.qa.testcases.SearchResultsPageTest" name="verifySearchResultsPageTitleTest" time="0.117"/>
  <system-out/>
  <testcase classname="com.udemy.qa.testcases.SearchResultsPageTest" name="expandLevelFilterListBoxTest" time="1.882"/>
  <system-out/>
  <testcase classname="com.udemy.qa.testcases.SearchResultsPageTest" name="applyBeginnerLevelFilterTest" time="0.565"/>
  <system-out/>
  <testcase classname="com.udemy.qa.testcases.SearchResultsPageTest" name="expandLanguageFilterListBoxTest" time="0.708"/>
  <system-out/>
  <testcase classname="com.udemy.qa.testcases.SearchResultsPageTest" name="applyEnglishLanguageFilterTest" time="0.992"/>
  <system-out/>
  <testcase classname="com.udemy.qa.testcases.SearchResultsPageTest" name="closeFilterButtonTest" time="1.247"/>
  <system-out/>
  <testcase classname="com.udemy.qa.testcases.SearchResultsPageTest" name="getFilteredListOfCoursesTest" time="2.001"/>
  <system-out/>
</testsuite> <!-- com.udemy.qa.testcases.SearchResultsPageTest -->
