<?xml version="1.0" encoding="UTF-8"?>
<!-- Generated by org.testng.reporters.JUnitReportReporter -->
<testsuite hostname="hems" failures="0" tests="2" name="com.udemy.qa.testcases.HomePageTest" time="3.271" errors="0" timestamp="2020-06-17T02:54:23 IST" skipped="0">
  <testcase classname="com.udemy.qa.testcases.HomePageTest" name="searchBoxTest" time="3.225"/>
  <system-out/>
  <testcase classname="com.udemy.qa.testcases.HomePageTest" name="verifySearchResultsPageTitleTest" time="0.046"/>
  <system-out/>
</testsuite> <!-- com.udemy.qa.testcases.HomePageTest -->
